mode: set
everyday-go/0010_tests/primeapp/main.go:20.13,30.2 6 0
everyday-go/0010_tests/primeapp/main.go:32.40,34.6 2 0
everyday-go/0010_tests/primeapp/main.go:34.6,36.11 2 0
everyday-go/0010_tests/primeapp/main.go:36.11,39.4 2 0
everyday-go/0010_tests/primeapp/main.go:40.3,41.11 2 0
everyday-go/0010_tests/primeapp/main.go:45.57,47.43 2 0
everyday-go/0010_tests/primeapp/main.go:47.43,49.3 1 0
everyday-go/0010_tests/primeapp/main.go:50.2,51.16 2 0
everyday-go/0010_tests/primeapp/main.go:51.16,53.3 1 0
everyday-go/0010_tests/primeapp/main.go:54.2,55.19 2 0
everyday-go/0010_tests/primeapp/main.go:58.14,63.2 4 0
everyday-go/0010_tests/primeapp/main.go:65.15,67.2 1 0
everyday-go/0010_tests/primeapp/main.go:70.36,71.22 1 1
everyday-go/0010_tests/primeapp/main.go:71.22,73.3 1 1
everyday-go/0010_tests/primeapp/main.go:74.2,74.11 1 1
everyday-go/0010_tests/primeapp/main.go:74.11,76.3 1 1
everyday-go/0010_tests/primeapp/main.go:79.2,79.28 1 1
everyday-go/0010_tests/primeapp/main.go:79.28,80.15 1 1
everyday-go/0010_tests/primeapp/main.go:80.15,82.4 1 1
everyday-go/0010_tests/primeapp/main.go:85.2,85.54 1 1
